[0.007s] Invoking command in '/home/ws/src/pcl_example/build/pcl_example': CMAKE_PREFIX_PATH=${CMAKE_PREFIX_PATH}:/opt/ros/humble /usr/bin/cmake --build /home/ws/src/pcl_example/build/pcl_example -- -j20 -l20
[0.035s] [35m[1mConsolidate compiler generated dependencies of target pcl_example_node[0m
[0.053s] [ 33%] [32mBuilding CXX object CMakeFiles/pcl_example_node.dir/src/pcl_example_node.cpp.o[0m
[0.055s] [ 66%] [32mBuilding CXX object CMakeFiles/pcl_example_node.dir/src/pcl_example.cpp.o[0m
[8.781s] [100%] [32m[1mLinking CXX executable pcl_example_node[0m
[9.707s] [100%] Built target pcl_example_node
[9.713s] Invoked command in '/home/ws/src/pcl_example/build/pcl_example' returned '0': CMAKE_PREFIX_PATH=${CMAKE_PREFIX_PATH}:/opt/ros/humble /usr/bin/cmake --build /home/ws/src/pcl_example/build/pcl_example -- -j20 -l20
[9.731s] Invoking command in '/home/ws/src/pcl_example/build/pcl_example': CMAKE_PREFIX_PATH=${CMAKE_PREFIX_PATH}:/opt/ros/humble /usr/bin/cmake --install /home/ws/src/pcl_example/build/pcl_example
[9.734s] -- Install configuration: "Release"
[9.735s] -- Execute custom install script
[9.735s] -- Up-to-date symlink: /home/ws/src/pcl_example/install/pcl_example/lib/pcl_example/pcl_example_node
[9.735s] -- Up-to-date symlink: /home/ws/src/pcl_example/install/pcl_example/lib/pcl_example/cube1_record_1.yaml
[9.735s] -- Up-to-date symlink: /home/ws/src/pcl_example/install/pcl_example/lib/pcl_example/cube1_record_2.yaml
[9.735s] -- Up-to-date symlink: /home/ws/src/pcl_example/install/pcl_example/lib/pcl_example/pcl_example_launch.testing.py
[9.735s] -- Up-to-date symlink: /home/ws/src/pcl_example/install/pcl_example/lib/pcl_example/pcl_example.rviz
[9.735s] -- Up-to-date symlink: /home/ws/src/pcl_example/install/pcl_example/share/ament_index/resource_index/package_run_dependencies/pcl_example
[9.735s] -- Up-to-date symlink: /home/ws/src/pcl_example/install/pcl_example/share/ament_index/resource_index/parent_prefix_path/pcl_example
[9.736s] -- Up-to-date symlink: /home/ws/src/pcl_example/install/pcl_example/share/pcl_example/environment/ament_prefix_path.sh
[9.736s] -- Up-to-date symlink: /home/ws/src/pcl_example/install/pcl_example/share/pcl_example/environment/ament_prefix_path.dsv
[9.736s] -- Up-to-date symlink: /home/ws/src/pcl_example/install/pcl_example/share/pcl_example/environment/path.sh
[9.736s] -- Up-to-date symlink: /home/ws/src/pcl_example/install/pcl_example/share/pcl_example/environment/path.dsv
[9.736s] -- Up-to-date symlink: /home/ws/src/pcl_example/install/pcl_example/share/pcl_example/local_setup.bash
[9.736s] -- Up-to-date symlink: /home/ws/src/pcl_example/install/pcl_example/share/pcl_example/local_setup.sh
[9.736s] -- Up-to-date symlink: /home/ws/src/pcl_example/install/pcl_example/share/pcl_example/local_setup.zsh
[9.736s] -- Up-to-date symlink: /home/ws/src/pcl_example/install/pcl_example/share/pcl_example/local_setup.dsv
[9.736s] -- Symlinking: /home/ws/src/pcl_example/install/pcl_example/share/pcl_example/package.dsv
[9.739s] -- Up-to-date symlink: /home/ws/src/pcl_example/install/pcl_example/share/ament_index/resource_index/packages/pcl_example
[9.739s] -- Up-to-date symlink: /home/ws/src/pcl_example/install/pcl_example/share/pcl_example/cmake/pcl_exampleConfig.cmake
[9.739s] -- Up-to-date symlink: /home/ws/src/pcl_example/install/pcl_example/share/pcl_example/cmake/pcl_exampleConfig-version.cmake
[9.740s] -- Up-to-date symlink: /home/ws/src/pcl_example/install/pcl_example/share/pcl_example/package.xml
[9.741s] Invoked command in '/home/ws/src/pcl_example/build/pcl_example' returned '0': CMAKE_PREFIX_PATH=${CMAKE_PREFIX_PATH}:/opt/ros/humble /usr/bin/cmake --install /home/ws/src/pcl_example/build/pcl_example
