[0.006s] Invoking command in '/home/ws/src/pcl_example/build/pcl_example': CMAKE_PREFIX_PATH=${CMAKE_PREFIX_PATH}:/opt/ros/humble /usr/bin/cmake --build /home/ws/src/pcl_example/build/pcl_example -- -j20 -l20
[0.037s] [35m[1mConsolidate compiler generated dependencies of target pcl_example_node[0m
[0.057s] [ 33%] [32mBuilding CXX object CMakeFiles/pcl_example_node.dir/src/pcl_example.cpp.o[0m
[16.258s] [ 66%] [32m[1mLinking CXX executable pcl_example_node[0m
[17.909s] [100%] Built target pcl_example_node
[17.920s] Invoked command in '/home/ws/src/pcl_example/build/pcl_example' returned '0': CMAKE_PREFIX_PATH=${CMAKE_PREFIX_PATH}:/opt/ros/humble /usr/bin/cmake --build /home/ws/src/pcl_example/build/pcl_example -- -j20 -l20
[17.947s] Invoking command in '/home/ws/src/pcl_example/build/pcl_example': CMAKE_PREFIX_PATH=${CMAKE_PREFIX_PATH}:/opt/ros/humble /usr/bin/cmake --install /home/ws/src/pcl_example/build/pcl_example
[17.951s] -- Install configuration: "Release"
[17.951s] -- Execute custom install script
[17.951s] -- Up-to-date symlink: /home/ws/src/pcl_example/install/pcl_example/lib/pcl_example/pcl_example_node
[17.951s] -- Up-to-date symlink: /home/ws/src/pcl_example/install/pcl_example/lib/pcl_example/cube1_record_1.yaml
[17.951s] -- Up-to-date symlink: /home/ws/src/pcl_example/install/pcl_example/lib/pcl_example/cube1_record_2.yaml
[17.952s] -- Up-to-date symlink: /home/ws/src/pcl_example/install/pcl_example/lib/pcl_example/pcl_example_launch.testing.py
[17.952s] -- Up-to-date symlink: /home/ws/src/pcl_example/install/pcl_example/lib/pcl_example/pcl_example.rviz
[17.952s] -- Up-to-date symlink: /home/ws/src/pcl_example/install/pcl_example/share/ament_index/resource_index/package_run_dependencies/pcl_example
[17.952s] -- Up-to-date symlink: /home/ws/src/pcl_example/install/pcl_example/share/ament_index/resource_index/parent_prefix_path/pcl_example
[17.952s] -- Up-to-date symlink: /home/ws/src/pcl_example/install/pcl_example/share/pcl_example/environment/ament_prefix_path.sh
[17.952s] -- Up-to-date symlink: /home/ws/src/pcl_example/install/pcl_example/share/pcl_example/environment/ament_prefix_path.dsv
[17.952s] -- Up-to-date symlink: /home/ws/src/pcl_example/install/pcl_example/share/pcl_example/environment/path.sh
[17.952s] -- Up-to-date symlink: /home/ws/src/pcl_example/install/pcl_example/share/pcl_example/environment/path.dsv
[17.952s] -- Up-to-date symlink: /home/ws/src/pcl_example/install/pcl_example/share/pcl_example/local_setup.bash
[17.952s] -- Up-to-date symlink: /home/ws/src/pcl_example/install/pcl_example/share/pcl_example/local_setup.sh
[17.952s] -- Up-to-date symlink: /home/ws/src/pcl_example/install/pcl_example/share/pcl_example/local_setup.zsh
[17.952s] -- Up-to-date symlink: /home/ws/src/pcl_example/install/pcl_example/share/pcl_example/local_setup.dsv
[17.952s] -- Symlinking: /home/ws/src/pcl_example/install/pcl_example/share/pcl_example/package.dsv
[17.958s] -- Up-to-date symlink: /home/ws/src/pcl_example/install/pcl_example/share/ament_index/resource_index/packages/pcl_example
[17.959s] -- Up-to-date symlink: /home/ws/src/pcl_example/install/pcl_example/share/pcl_example/cmake/pcl_exampleConfig.cmake
[17.959s] -- Up-to-date symlink: /home/ws/src/pcl_example/install/pcl_example/share/pcl_example/cmake/pcl_exampleConfig-version.cmake
[17.959s] -- Up-to-date symlink: /home/ws/src/pcl_example/install/pcl_example/share/pcl_example/package.xml
[17.960s] Invoked command in '/home/ws/src/pcl_example/build/pcl_example' returned '0': CMAKE_PREFIX_PATH=${CMAKE_PREFIX_PATH}:/opt/ros/humble /usr/bin/cmake --install /home/ws/src/pcl_example/build/pcl_example
