[0.058s] DEBUG:colcon:Command line arguments: ['/usr/bin/colcon', 'build', '--symlink-install', '--cmake-args', '-DCMAKE_BUILD_TYPE=Release']
[0.058s] DEBUG:colcon:Parsed command line arguments: Namespace(log_base=None, log_level=None, verb_name='build', build_base='build', install_base='install', merge_install=False, symlink_install=True, test_result_base=None, continue_on_error=False, executor='parallel', parallel_workers=20, event_handlers=None, ignore_user_meta=False, metas=['./colcon.meta'], base_paths=['.'], packages_ignore=None, packages_ignore_regex=None, paths=None, packages_up_to=None, packages_up_to_regex=None, packages_above=None, packages_above_and_dependencies=None, packages_above_depth=None, packages_select_by_dep=None, packages_skip_by_dep=None, packages_skip_up_to=None, packages_select_build_failed=False, packages_skip_build_finished=False, packages_select_test_failures=False, packages_skip_test_passed=False, packages_select=None, packages_skip=None, packages_select_regex=None, packages_skip_regex=None, packages_start=None, packages_end=None, cmake_args=['-DCMAKE_BUILD_TYPE=Release'], cmake_target=None, cmake_target_skip_unavailable=False, cmake_clean_cache=False, cmake_clean_first=False, cmake_force_configure=False, ament_cmake_args=None, catkin_cmake_args=None, catkin_skip_building_tests=False, mixin_files=None, mixin=None, verb_parser=<colcon_mixin.mixin.mixin_argument.MixinArgumentDecorator object at 0x7fd3c5f0f6a0>, verb_extension=<colcon_core.verb.build.BuildVerb object at 0x7fd3c5e87a90>, main=<bound method BuildVerb.main of <colcon_core.verb.build.BuildVerb object at 0x7fd3c5e87a90>>, mixin_verb=('build',))
[0.126s] Level 1:colcon.colcon_core.package_discovery:discover_packages(colcon_meta) check parameters
[0.126s] Level 1:colcon.colcon_core.package_discovery:discover_packages(recursive) check parameters
[0.126s] Level 1:colcon.colcon_core.package_discovery:discover_packages(ignore) check parameters
[0.126s] Level 1:colcon.colcon_core.package_discovery:discover_packages(path) check parameters
[0.126s] Level 1:colcon.colcon_core.package_discovery:discover_packages(colcon_meta) discover
[0.126s] Level 1:colcon.colcon_core.package_discovery:discover_packages(recursive) discover
[0.126s] INFO:colcon.colcon_core.package_discovery:Crawling recursively for packages in '/home/ws/src/pcl_example'
[0.126s] Level 1:colcon.colcon_core.package_identification:_identify(.) by extensions ['ignore', 'ignore_ament_install']
[0.126s] Level 1:colcon.colcon_core.package_identification:_identify(.) by extension 'ignore'
[0.126s] Level 1:colcon.colcon_core.package_identification:_identify(.) by extension 'ignore_ament_install'
[0.126s] Level 1:colcon.colcon_core.package_identification:_identify(.) by extensions ['colcon_pkg']
[0.126s] Level 1:colcon.colcon_core.package_identification:_identify(.) by extension 'colcon_pkg'
[0.126s] Level 1:colcon.colcon_core.package_identification:_identify(.) by extensions ['colcon_meta']
[0.126s] Level 1:colcon.colcon_core.package_identification:_identify(.) by extension 'colcon_meta'
[0.126s] Level 1:colcon.colcon_core.package_identification:_identify(.) by extensions ['ros']
[0.126s] Level 1:colcon.colcon_core.package_identification:_identify(.) by extension 'ros'
[0.135s] DEBUG:colcon.colcon_core.package_identification:Package '.' with type 'ros.ament_cmake' and name 'pcl_example'
[0.135s] Level 1:colcon.colcon_core.package_discovery:discover_packages(recursive) using defaults
[0.135s] Level 1:colcon.colcon_core.package_discovery:discover_packages(ignore) discover
[0.135s] Level 1:colcon.colcon_core.package_discovery:discover_packages(ignore) using defaults
[0.136s] Level 1:colcon.colcon_core.package_discovery:discover_packages(path) discover
[0.136s] Level 1:colcon.colcon_core.package_discovery:discover_packages(path) using defaults
[0.150s] Level 5:colcon.colcon_core.verb:set package 'pcl_example' build argument 'cmake_args' from command line to '['-DCMAKE_BUILD_TYPE=Release']'
[0.150s] Level 5:colcon.colcon_core.verb:set package 'pcl_example' build argument 'cmake_target' from command line to 'None'
[0.150s] Level 5:colcon.colcon_core.verb:set package 'pcl_example' build argument 'cmake_target_skip_unavailable' from command line to 'False'
[0.150s] Level 5:colcon.colcon_core.verb:set package 'pcl_example' build argument 'cmake_clean_cache' from command line to 'False'
[0.150s] Level 5:colcon.colcon_core.verb:set package 'pcl_example' build argument 'cmake_clean_first' from command line to 'False'
[0.150s] Level 5:colcon.colcon_core.verb:set package 'pcl_example' build argument 'cmake_force_configure' from command line to 'False'
[0.150s] Level 5:colcon.colcon_core.verb:set package 'pcl_example' build argument 'ament_cmake_args' from command line to 'None'
[0.150s] Level 5:colcon.colcon_core.verb:set package 'pcl_example' build argument 'catkin_cmake_args' from command line to 'None'
[0.150s] Level 5:colcon.colcon_core.verb:set package 'pcl_example' build argument 'catkin_skip_building_tests' from command line to 'False'
[0.150s] DEBUG:colcon.colcon_core.verb:Building package 'pcl_example' with the following arguments: {'ament_cmake_args': None, 'build_base': '/home/ws/src/pcl_example/build/pcl_example', 'catkin_cmake_args': None, 'catkin_skip_building_tests': False, 'cmake_args': ['-DCMAKE_BUILD_TYPE=Release'], 'cmake_clean_cache': False, 'cmake_clean_first': False, 'cmake_force_configure': False, 'cmake_target': None, 'cmake_target_skip_unavailable': False, 'install_base': '/home/ws/src/pcl_example/install/pcl_example', 'merge_install': False, 'path': '/home/ws/src/pcl_example', 'symlink_install': True, 'test_result_base': None}
[0.150s] INFO:colcon.colcon_core.executor:Executing jobs using 'parallel' executor
[0.151s] DEBUG:colcon.colcon_parallel_executor.executor.parallel:run_until_complete
[0.151s] INFO:colcon.colcon_ros.task.ament_cmake.build:Building ROS package in '/home/ws/src/pcl_example' with build type 'ament_cmake'
[0.151s] INFO:colcon.colcon_cmake.task.cmake.build:Building CMake package in '/home/ws/src/pcl_example'
[0.152s] INFO:colcon.colcon_core.plugin_system:Skipping extension 'colcon_core.shell.bat': Not used on non-Windows systems
[0.153s] INFO:colcon.colcon_core.shell:Skip shell extension 'powershell' for command environment: Not usable outside of PowerShell
[0.153s] DEBUG:colcon.colcon_core.shell:Skip shell extension 'dsv' for command environment
[0.158s] DEBUG:colcon.colcon_core.event_handler.log_command:Invoking command in '/home/ws/src/pcl_example/build/pcl_example': CMAKE_PREFIX_PATH=${CMAKE_PREFIX_PATH}:/opt/ros/humble /usr/bin/cmake --build /home/ws/src/pcl_example/build/pcl_example -- -j20 -l20
[15.161s] DEBUG:colcon.colcon_core.event_handler.log_command:Invoked command in '/home/ws/src/pcl_example/build/pcl_example' returned '0': CMAKE_PREFIX_PATH=${CMAKE_PREFIX_PATH}:/opt/ros/humble /usr/bin/cmake --build /home/ws/src/pcl_example/build/pcl_example -- -j20 -l20
[15.180s] DEBUG:colcon.colcon_core.event_handler.log_command:Invoking command in '/home/ws/src/pcl_example/build/pcl_example': CMAKE_PREFIX_PATH=${CMAKE_PREFIX_PATH}:/opt/ros/humble /usr/bin/cmake --install /home/ws/src/pcl_example/build/pcl_example
[15.189s] Level 1:colcon.colcon_core.environment:create_environment_scripts_only(pcl_example)
[15.190s] DEBUG:colcon.colcon_core.event_handler.log_command:Invoked command in '/home/ws/src/pcl_example/build/pcl_example' returned '0': CMAKE_PREFIX_PATH=${CMAKE_PREFIX_PATH}:/opt/ros/humble /usr/bin/cmake --install /home/ws/src/pcl_example/build/pcl_example
[15.191s] Level 1:colcon.colcon_core.environment:checking '/home/ws/src/pcl_example/install/pcl_example' for CMake module files
[15.191s] Level 1:colcon.colcon_core.environment:checking '/home/ws/src/pcl_example/install/pcl_example' for CMake config files
[15.191s] Level 1:colcon.colcon_core.shell:create_environment_hook('pcl_example', 'cmake_prefix_path')
[15.191s] INFO:colcon.colcon_core.shell:Creating environment hook '/home/ws/src/pcl_example/install/pcl_example/share/pcl_example/hook/cmake_prefix_path.ps1'
[15.192s] INFO:colcon.colcon_core.shell:Creating environment descriptor '/home/ws/src/pcl_example/install/pcl_example/share/pcl_example/hook/cmake_prefix_path.dsv'
[15.192s] INFO:colcon.colcon_core.shell:Creating environment hook '/home/ws/src/pcl_example/install/pcl_example/share/pcl_example/hook/cmake_prefix_path.sh'
[15.192s] Level 1:colcon.colcon_core.environment:checking '/home/ws/src/pcl_example/install/pcl_example/lib'
[15.192s] Level 1:colcon.colcon_core.environment:checking '/home/ws/src/pcl_example/install/pcl_example/bin'
[15.192s] Level 1:colcon.colcon_core.environment:checking '/home/ws/src/pcl_example/install/pcl_example/lib/pkgconfig/pcl_example.pc'
[15.193s] Level 1:colcon.colcon_core.environment:checking '/home/ws/src/pcl_example/install/pcl_example/lib/python3.10/site-packages'
[15.193s] Level 1:colcon.colcon_core.environment:checking '/home/ws/src/pcl_example/install/pcl_example/bin'
[15.193s] INFO:colcon.colcon_core.shell:Creating package script '/home/ws/src/pcl_example/install/pcl_example/share/pcl_example/package.ps1'
[15.194s] INFO:colcon.colcon_core.shell:Creating package descriptor '/home/ws/src/pcl_example/install/pcl_example/share/pcl_example/package.dsv'
[15.194s] INFO:colcon.colcon_core.shell:Creating package script '/home/ws/src/pcl_example/install/pcl_example/share/pcl_example/package.sh'
[15.194s] INFO:colcon.colcon_core.shell:Creating package script '/home/ws/src/pcl_example/install/pcl_example/share/pcl_example/package.bash'
[15.195s] INFO:colcon.colcon_core.shell:Creating package script '/home/ws/src/pcl_example/install/pcl_example/share/pcl_example/package.zsh'
[15.195s] Level 1:colcon.colcon_core.environment:create_file_with_runtime_dependencies(/home/ws/src/pcl_example/install/pcl_example/share/colcon-core/packages/pcl_example)
[15.208s] Level 1:colcon.colcon_core.environment:create_environment_scripts_only(pcl_example)
[15.209s] Level 1:colcon.colcon_core.environment:checking '/home/ws/src/pcl_example/install/pcl_example' for CMake module files
[15.209s] Level 1:colcon.colcon_core.environment:checking '/home/ws/src/pcl_example/install/pcl_example' for CMake config files
[15.209s] Level 1:colcon.colcon_core.shell:create_environment_hook('pcl_example', 'cmake_prefix_path')
[15.209s] INFO:colcon.colcon_core.shell:Creating environment hook '/home/ws/src/pcl_example/install/pcl_example/share/pcl_example/hook/cmake_prefix_path.ps1'
[15.209s] INFO:colcon.colcon_core.shell:Creating environment descriptor '/home/ws/src/pcl_example/install/pcl_example/share/pcl_example/hook/cmake_prefix_path.dsv'
[15.210s] INFO:colcon.colcon_core.shell:Creating environment hook '/home/ws/src/pcl_example/install/pcl_example/share/pcl_example/hook/cmake_prefix_path.sh'
[15.210s] Level 1:colcon.colcon_core.environment:checking '/home/ws/src/pcl_example/install/pcl_example/lib'
[15.210s] Level 1:colcon.colcon_core.environment:checking '/home/ws/src/pcl_example/install/pcl_example/bin'
[15.210s] Level 1:colcon.colcon_core.environment:checking '/home/ws/src/pcl_example/install/pcl_example/lib/pkgconfig/pcl_example.pc'
[15.210s] Level 1:colcon.colcon_core.environment:checking '/home/ws/src/pcl_example/install/pcl_example/lib/python3.10/site-packages'
[15.210s] Level 1:colcon.colcon_core.environment:checking '/home/ws/src/pcl_example/install/pcl_example/bin'
[15.210s] INFO:colcon.colcon_core.shell:Creating package script '/home/ws/src/pcl_example/install/pcl_example/share/pcl_example/package.ps1'
[15.211s] INFO:colcon.colcon_core.shell:Creating package descriptor '/home/ws/src/pcl_example/install/pcl_example/share/pcl_example/package.dsv'
[15.211s] INFO:colcon.colcon_core.shell:Creating package script '/home/ws/src/pcl_example/install/pcl_example/share/pcl_example/package.sh'
[15.211s] INFO:colcon.colcon_core.shell:Creating package script '/home/ws/src/pcl_example/install/pcl_example/share/pcl_example/package.bash'
[15.211s] INFO:colcon.colcon_core.shell:Creating package script '/home/ws/src/pcl_example/install/pcl_example/share/pcl_example/package.zsh'
[15.211s] Level 1:colcon.colcon_core.environment:create_file_with_runtime_dependencies(/home/ws/src/pcl_example/install/pcl_example/share/colcon-core/packages/pcl_example)
[15.212s] DEBUG:colcon.colcon_parallel_executor.executor.parallel:closing loop
[15.212s] DEBUG:colcon.colcon_parallel_executor.executor.parallel:loop closed
[15.212s] DEBUG:colcon.colcon_parallel_executor.executor.parallel:run_until_complete finished with '0'
[15.212s] DEBUG:colcon.colcon_core.event_reactor:joining thread
[15.215s] INFO:colcon.colcon_core.plugin_system:Skipping extension 'colcon_notification.desktop_notification.notify_send': Could not find 'notify-send'
[15.215s] INFO:colcon.colcon_core.plugin_system:Skipping extension 'colcon_notification.desktop_notification.terminal_notifier': Not used on non-Darwin systems
[15.215s] INFO:colcon.colcon_core.plugin_system:Skipping extension 'colcon_notification.desktop_notification.win32': Not used on non-Windows systems
[15.215s] INFO:colcon.colcon_notification.desktop_notification:Sending desktop notification using 'notify2'
[15.217s] DEBUG:colcon.colcon_notification.desktop_notification.notify2:Failed to initialize notify2: org.freedesktop.DBus.Error.Spawn.ExecFailed: /usr/bin/dbus-launch terminated abnormally without any error message
[15.217s] DEBUG:colcon.colcon_core.event_reactor:joined thread
[15.217s] INFO:colcon.colcon_core.shell:Creating prefix script '/home/ws/src/pcl_example/install/local_setup.ps1'
[15.218s] INFO:colcon.colcon_core.shell:Creating prefix util module '/home/ws/src/pcl_example/install/_local_setup_util_ps1.py'
[15.218s] INFO:colcon.colcon_core.shell:Creating prefix chain script '/home/ws/src/pcl_example/install/setup.ps1'
[15.219s] INFO:colcon.colcon_core.shell:Creating prefix script '/home/ws/src/pcl_example/install/local_setup.sh'
[15.219s] INFO:colcon.colcon_core.shell:Creating prefix util module '/home/ws/src/pcl_example/install/_local_setup_util_sh.py'
[15.219s] INFO:colcon.colcon_core.shell:Creating prefix chain script '/home/ws/src/pcl_example/install/setup.sh'
[15.220s] INFO:colcon.colcon_core.shell:Creating prefix script '/home/ws/src/pcl_example/install/local_setup.bash'
[15.220s] INFO:colcon.colcon_core.shell:Creating prefix chain script '/home/ws/src/pcl_example/install/setup.bash'
[15.221s] INFO:colcon.colcon_core.shell:Creating prefix script '/home/ws/src/pcl_example/install/local_setup.zsh'
[15.221s] INFO:colcon.colcon_core.shell:Creating prefix chain script '/home/ws/src/pcl_example/install/setup.zsh'
