[0.008s] Invoking command in '/home/ws/src/pcl_example/build/pcl_example': CMAKE_PREFIX_PATH=${CMAKE_PREFIX_PATH}:/home/ws/install/launch_testing_examples:/home/ws/install/examples_rclpy_pointcloud_publisher:/home/ws/install/examples_rclpy_minimal_subscriber:/home/ws/install/examples_rclpy_minimal_service:/home/ws/install/examples_rclpy_minimal_publisher:/home/ws/install/examples_rclpy_minimal_client:/home/ws/install/examples_rclpy_minimal_action_server:/home/ws/install/examples_rclpy_minimal_action_client:/home/ws/install/examples_rclpy_guard_conditions:/home/ws/install/examples_rclpy_executors:/opt/ros/humble /usr/bin/cmake --build /home/ws/src/pcl_example/build/pcl_example -- -j20 -l20
[0.039s] [35m[1mConsolidate compiler generated dependencies of target pcl_example_node[0m
[0.058s] [ 33%] [32mBuilding CXX object CMakeFiles/pcl_example_node.dir/src/pcl_example.cpp.o[0m
[3.381s] [01m[K/home/ws/src/pcl_example/src/pcl_example.cpp:[m[K In member function ‘[01m[Kvoid Pcl_Example::topic_callback(sensor_msgs::msg::PointCloud2_<std::allocator<void> >::SharedPtr)[m[K’:
[3.381s] [01m[K/home/ws/src/pcl_example/src/pcl_example.cpp:158:8:[m[K [01;35m[Kwarning: [m[Kunused variable ‘[01m[Kduration[m[K’ [[01;35m[K]8;;https://gcc.gnu.org/onlinedocs/gcc/Warning-Options.html#index-Wunused-variable-Wunused-variable]8;;[m[K]
[3.381s]   158 |   auto [01;35m[Kduration[m[K = duration_cast<microseconds>(end - start).count();
[3.381s]       |        [01;35m[K^~~~~~~~[m[K
[10.335s] [ 66%] [32m[1mLinking CXX executable pcl_example_node[0m
[11.648s] [100%] Built target pcl_example_node
[11.655s] Invoked command in '/home/ws/src/pcl_example/build/pcl_example' returned '0': CMAKE_PREFIX_PATH=${CMAKE_PREFIX_PATH}:/home/ws/install/launch_testing_examples:/home/ws/install/examples_rclpy_pointcloud_publisher:/home/ws/install/examples_rclpy_minimal_subscriber:/home/ws/install/examples_rclpy_minimal_service:/home/ws/install/examples_rclpy_minimal_publisher:/home/ws/install/examples_rclpy_minimal_client:/home/ws/install/examples_rclpy_minimal_action_server:/home/ws/install/examples_rclpy_minimal_action_client:/home/ws/install/examples_rclpy_guard_conditions:/home/ws/install/examples_rclpy_executors:/opt/ros/humble /usr/bin/cmake --build /home/ws/src/pcl_example/build/pcl_example -- -j20 -l20
[11.677s] Invoking command in '/home/ws/src/pcl_example/build/pcl_example': CMAKE_PREFIX_PATH=${CMAKE_PREFIX_PATH}:/home/ws/install/launch_testing_examples:/home/ws/install/examples_rclpy_pointcloud_publisher:/home/ws/install/examples_rclpy_minimal_subscriber:/home/ws/install/examples_rclpy_minimal_service:/home/ws/install/examples_rclpy_minimal_publisher:/home/ws/install/examples_rclpy_minimal_client:/home/ws/install/examples_rclpy_minimal_action_server:/home/ws/install/examples_rclpy_minimal_action_client:/home/ws/install/examples_rclpy_guard_conditions:/home/ws/install/examples_rclpy_executors:/opt/ros/humble /usr/bin/cmake --install /home/ws/src/pcl_example/build/pcl_example
[11.681s] -- Install configuration: "Release"
[11.681s] -- Execute custom install script
[11.682s] -- Up-to-date symlink: /home/ws/src/pcl_example/install/pcl_example/lib/pcl_example/pcl_example_node
[11.682s] -- Up-to-date symlink: /home/ws/src/pcl_example/install/pcl_example/lib/pcl_example/cube1_record_1.yaml
[11.682s] -- Up-to-date symlink: /home/ws/src/pcl_example/install/pcl_example/lib/pcl_example/cube1_record_2.yaml
[11.682s] -- Up-to-date symlink: /home/ws/src/pcl_example/install/pcl_example/lib/pcl_example/pcl_example_launch.testing.py
[11.682s] -- Up-to-date symlink: /home/ws/src/pcl_example/install/pcl_example/lib/pcl_example/pcl_example.rviz
[11.682s] -- Up-to-date symlink: /home/ws/src/pcl_example/install/pcl_example/share/ament_index/resource_index/package_run_dependencies/pcl_example
[11.682s] -- Up-to-date symlink: /home/ws/src/pcl_example/install/pcl_example/share/ament_index/resource_index/parent_prefix_path/pcl_example
[11.682s] -- Up-to-date symlink: /home/ws/src/pcl_example/install/pcl_example/share/pcl_example/environment/ament_prefix_path.sh
[11.682s] -- Up-to-date symlink: /home/ws/src/pcl_example/install/pcl_example/share/pcl_example/environment/ament_prefix_path.dsv
[11.682s] -- Up-to-date symlink: /home/ws/src/pcl_example/install/pcl_example/share/pcl_example/environment/path.sh
[11.683s] -- Up-to-date symlink: /home/ws/src/pcl_example/install/pcl_example/share/pcl_example/environment/path.dsv
[11.683s] -- Up-to-date symlink: /home/ws/src/pcl_example/install/pcl_example/share/pcl_example/local_setup.bash
[11.683s] -- Up-to-date symlink: /home/ws/src/pcl_example/install/pcl_example/share/pcl_example/local_setup.sh
[11.683s] -- Up-to-date symlink: /home/ws/src/pcl_example/install/pcl_example/share/pcl_example/local_setup.zsh
[11.683s] -- Up-to-date symlink: /home/ws/src/pcl_example/install/pcl_example/share/pcl_example/local_setup.dsv
[11.683s] -- Symlinking: /home/ws/src/pcl_example/install/pcl_example/share/pcl_example/package.dsv
[11.687s] -- Up-to-date symlink: /home/ws/src/pcl_example/install/pcl_example/share/ament_index/resource_index/packages/pcl_example
[11.687s] -- Up-to-date symlink: /home/ws/src/pcl_example/install/pcl_example/share/pcl_example/cmake/pcl_exampleConfig.cmake
[11.687s] -- Up-to-date symlink: /home/ws/src/pcl_example/install/pcl_example/share/pcl_example/cmake/pcl_exampleConfig-version.cmake
[11.687s] -- Up-to-date symlink: /home/ws/src/pcl_example/install/pcl_example/share/pcl_example/package.xml
[11.689s] Invoked command in '/home/ws/src/pcl_example/build/pcl_example' returned '0': CMAKE_PREFIX_PATH=${CMAKE_PREFIX_PATH}:/home/ws/install/launch_testing_examples:/home/ws/install/examples_rclpy_pointcloud_publisher:/home/ws/install/examples_rclpy_minimal_subscriber:/home/ws/install/examples_rclpy_minimal_service:/home/ws/install/examples_rclpy_minimal_publisher:/home/ws/install/examples_rclpy_minimal_client:/home/ws/install/examples_rclpy_minimal_action_server:/home/ws/install/examples_rclpy_minimal_action_client:/home/ws/install/examples_rclpy_guard_conditions:/home/ws/install/examples_rclpy_executors:/opt/ros/humble /usr/bin/cmake --install /home/ws/src/pcl_example/build/pcl_example
