[0.009s] Invoking command in '/home/ws/src/pcl_example/build/pcl_example': CMAKE_PREFIX_PATH=/opt/ros/humble /usr/bin/cmake --build /home/ws/src/pcl_example/build/pcl_example -- -j20 -l20
[0.036s] -- Found ament_cmake: 1.3.9 (/opt/ros/humble/share/ament_cmake/cmake)
[0.103s] -- Override CMake install command with custom implementation using symlinks instead of copying resources
[0.112s] -- Found rclcpp: 16.0.9 (/opt/ros/humble/share/rclcpp/cmake)
[0.146s] -- Found rosidl_generator_c: 3.1.5 (/opt/ros/humble/share/rosidl_generator_c/cmake)
[0.148s] -- Found rosidl_adapter: 3.1.5 (/opt/ros/humble/share/rosidl_adapter/cmake)
[0.154s] -- Found rosidl_generator_cpp: 3.1.5 (/opt/ros/humble/share/rosidl_generator_cpp/cmake)
[0.165s] -- Using all available rosidl_typesupport_c: rosidl_typesupport_fastrtps_c;rosidl_typesupport_introspection_c
[0.182s] -- Using all available rosidl_typesupport_cpp: rosidl_typesupport_fastrtps_cpp;rosidl_typesupport_introspection_cpp
[0.224s] -- Found rmw_implementation_cmake: 6.1.2 (/opt/ros/humble/share/rmw_implementation_cmake/cmake)
[0.225s] -- Found rmw_fastrtps_cpp: 6.2.6 (/opt/ros/humble/share/rmw_fastrtps_cpp/cmake)
[0.300s] -- Using RMW implementation 'rmw_fastrtps_cpp' as default
[0.398s] -- Found sensor_msgs: 4.2.4 (/opt/ros/humble/share/sensor_msgs/cmake)
[0.470s] -- Found nav_msgs: 4.2.4 (/opt/ros/humble/share/nav_msgs/cmake)
[0.526s] [31mCMake Error at CMakeLists.txt:44 (find_package):
[0.526s]   By not providing "Finddeque.cmake" in CMAKE_MODULE_PATH this project has
[0.526s]   asked CMake to find a package configuration file provided by "deque", but
[0.526s]   CMake did not find one.
[0.526s] 
[0.526s]   Could not find a package configuration file provided by "deque" with any of
[0.527s]   the following names:
[0.527s] 
[0.527s]     dequeConfig.cmake
[0.527s]     deque-config.cmake
[0.527s] 
[0.527s]   Add the installation prefix of "deque" to CMAKE_PREFIX_PATH or set
[0.527s]   "deque_DIR" to a directory containing one of the above files.  If "deque"
[0.527s]   provides a separate development package or SDK, be sure it has been
[0.527s]   installed.
[0.527s] 
[0.527s] [0m
[0.527s] -- Configuring incomplete, errors occurred!
[0.527s] See also "/home/ws/src/pcl_example/build/pcl_example/CMakeFiles/CMakeOutput.log".
[0.530s] gmake: *** [Makefile:294: cmake_check_build_system] Error 1
[0.532s] Invoked command in '/home/ws/src/pcl_example/build/pcl_example' returned '2': CMAKE_PREFIX_PATH=/opt/ros/humble /usr/bin/cmake --build /home/ws/src/pcl_example/build/pcl_example -- -j20 -l20
