[0.073s] DEBUG:colcon:Command line arguments: ['/usr/bin/colcon', 'build', '--symlink-install', '--cmake-args', '-DCMAKE_BUILD_TYPE=Release']
[0.073s] DEBUG:colcon:Parsed command line arguments: Namespace(log_base=None, log_level=None, verb_name='build', build_base='build', install_base='install', merge_install=False, symlink_install=True, test_result_base=None, continue_on_error=False, executor='parallel', parallel_workers=20, event_handlers=None, ignore_user_meta=False, metas=['./colcon.meta'], base_paths=['.'], packages_ignore=None, packages_ignore_regex=None, paths=None, packages_up_to=None, packages_up_to_regex=None, packages_above=None, packages_above_and_dependencies=None, packages_above_depth=None, packages_select_by_dep=None, packages_skip_by_dep=None, packages_skip_up_to=None, packages_select_build_failed=False, packages_skip_build_finished=False, packages_select_test_failures=False, packages_skip_test_passed=False, packages_select=None, packages_skip=None, packages_select_regex=None, packages_skip_regex=None, packages_start=None, packages_end=None, cmake_args=['-DCMAKE_BUILD_TYPE=Release'], cmake_target=None, cmake_target_skip_unavailable=False, cmake_clean_cache=False, cmake_clean_first=False, cmake_force_configure=False, ament_cmake_args=None, catkin_cmake_args=None, catkin_skip_building_tests=False, mixin_files=None, mixin=None, verb_parser=<colcon_mixin.mixin.mixin_argument.MixinArgumentDecorator object at 0x7f50279bf6a0>, verb_extension=<colcon_core.verb.build.BuildVerb object at 0x7f5027b47a90>, main=<bound method BuildVerb.main of <colcon_core.verb.build.BuildVerb object at 0x7f5027b47a90>>, mixin_verb=('build',))
[0.179s] Level 1:colcon.colcon_core.package_discovery:discover_packages(colcon_meta) check parameters
[0.179s] Level 1:colcon.colcon_core.package_discovery:discover_packages(recursive) check parameters
[0.179s] Level 1:colcon.colcon_core.package_discovery:discover_packages(ignore) check parameters
[0.179s] Level 1:colcon.colcon_core.package_discovery:discover_packages(path) check parameters
[0.179s] Level 1:colcon.colcon_core.package_discovery:discover_packages(colcon_meta) discover
[0.179s] Level 1:colcon.colcon_core.package_discovery:discover_packages(recursive) discover
[0.179s] INFO:colcon.colcon_core.package_discovery:Crawling recursively for packages in '/home/ws/src/pcl_example'
[0.179s] Level 1:colcon.colcon_core.package_identification:_identify(.) by extensions ['ignore', 'ignore_ament_install']
[0.179s] Level 1:colcon.colcon_core.package_identification:_identify(.) by extension 'ignore'
[0.179s] Level 1:colcon.colcon_core.package_identification:_identify(.) by extension 'ignore_ament_install'
[0.179s] Level 1:colcon.colcon_core.package_identification:_identify(.) by extensions ['colcon_pkg']
[0.179s] Level 1:colcon.colcon_core.package_identification:_identify(.) by extension 'colcon_pkg'
[0.179s] Level 1:colcon.colcon_core.package_identification:_identify(.) by extensions ['colcon_meta']
[0.179s] Level 1:colcon.colcon_core.package_identification:_identify(.) by extension 'colcon_meta'
[0.180s] Level 1:colcon.colcon_core.package_identification:_identify(.) by extensions ['ros']
[0.180s] Level 1:colcon.colcon_core.package_identification:_identify(.) by extension 'ros'
[0.188s] DEBUG:colcon.colcon_core.package_identification:Package '.' with type 'ros.ament_cmake' and name 'pcl_example'
[0.189s] Level 1:colcon.colcon_core.package_discovery:discover_packages(recursive) using defaults
[0.189s] Level 1:colcon.colcon_core.package_discovery:discover_packages(ignore) discover
[0.189s] Level 1:colcon.colcon_core.package_discovery:discover_packages(ignore) using defaults
[0.189s] Level 1:colcon.colcon_core.package_discovery:discover_packages(path) discover
[0.189s] Level 1:colcon.colcon_core.package_discovery:discover_packages(path) using defaults
[0.203s] Level 5:colcon.colcon_core.verb:set package 'pcl_example' build argument 'cmake_args' from command line to '['-DCMAKE_BUILD_TYPE=Release']'
[0.203s] Level 5:colcon.colcon_core.verb:set package 'pcl_example' build argument 'cmake_target' from command line to 'None'
[0.203s] Level 5:colcon.colcon_core.verb:set package 'pcl_example' build argument 'cmake_target_skip_unavailable' from command line to 'False'
[0.203s] Level 5:colcon.colcon_core.verb:set package 'pcl_example' build argument 'cmake_clean_cache' from command line to 'False'
[0.203s] Level 5:colcon.colcon_core.verb:set package 'pcl_example' build argument 'cmake_clean_first' from command line to 'False'
[0.203s] Level 5:colcon.colcon_core.verb:set package 'pcl_example' build argument 'cmake_force_configure' from command line to 'False'
[0.203s] Level 5:colcon.colcon_core.verb:set package 'pcl_example' build argument 'ament_cmake_args' from command line to 'None'
[0.203s] Level 5:colcon.colcon_core.verb:set package 'pcl_example' build argument 'catkin_cmake_args' from command line to 'None'
[0.203s] Level 5:colcon.colcon_core.verb:set package 'pcl_example' build argument 'catkin_skip_building_tests' from command line to 'False'
[0.203s] DEBUG:colcon.colcon_core.verb:Building package 'pcl_example' with the following arguments: {'ament_cmake_args': None, 'build_base': '/home/ws/src/pcl_example/build/pcl_example', 'catkin_cmake_args': None, 'catkin_skip_building_tests': False, 'cmake_args': ['-DCMAKE_BUILD_TYPE=Release'], 'cmake_clean_cache': False, 'cmake_clean_first': False, 'cmake_force_configure': False, 'cmake_target': None, 'cmake_target_skip_unavailable': False, 'install_base': '/home/ws/src/pcl_example/install/pcl_example', 'merge_install': False, 'path': '/home/ws/src/pcl_example', 'symlink_install': True, 'test_result_base': None}
[0.203s] INFO:colcon.colcon_core.executor:Executing jobs using 'parallel' executor
[0.204s] DEBUG:colcon.colcon_parallel_executor.executor.parallel:run_until_complete
[0.204s] INFO:colcon.colcon_ros.task.ament_cmake.build:Building ROS package in '/home/ws/src/pcl_example' with build type 'ament_cmake'
[0.204s] INFO:colcon.colcon_cmake.task.cmake.build:Building CMake package in '/home/ws/src/pcl_example'
[0.206s] INFO:colcon.colcon_core.plugin_system:Skipping extension 'colcon_core.shell.bat': Not used on non-Windows systems
[0.207s] INFO:colcon.colcon_core.shell:Skip shell extension 'powershell' for command environment: Not usable outside of PowerShell
[0.207s] DEBUG:colcon.colcon_core.shell:Skip shell extension 'dsv' for command environment
[0.215s] DEBUG:colcon.colcon_core.event_handler.log_command:Invoking command in '/home/ws/src/pcl_example/build/pcl_example': CMAKE_PREFIX_PATH=${CMAKE_PREFIX_PATH}:/opt/ros/humble /usr/bin/cmake --build /home/ws/src/pcl_example/build/pcl_example -- -j20 -l20
[13.056s] DEBUG:colcon.colcon_core.event_handler.log_command:Invoked command in '/home/ws/src/pcl_example/build/pcl_example' returned '0': CMAKE_PREFIX_PATH=${CMAKE_PREFIX_PATH}:/opt/ros/humble /usr/bin/cmake --build /home/ws/src/pcl_example/build/pcl_example -- -j20 -l20
[13.076s] DEBUG:colcon.colcon_core.event_handler.log_command:Invoking command in '/home/ws/src/pcl_example/build/pcl_example': CMAKE_PREFIX_PATH=${CMAKE_PREFIX_PATH}:/opt/ros/humble /usr/bin/cmake --install /home/ws/src/pcl_example/build/pcl_example
[13.088s] Level 1:colcon.colcon_core.environment:create_environment_scripts_only(pcl_example)
[13.088s] DEBUG:colcon.colcon_core.event_handler.log_command:Invoked command in '/home/ws/src/pcl_example/build/pcl_example' returned '0': CMAKE_PREFIX_PATH=${CMAKE_PREFIX_PATH}:/opt/ros/humble /usr/bin/cmake --install /home/ws/src/pcl_example/build/pcl_example
[13.092s] Level 1:colcon.colcon_core.environment:checking '/home/ws/src/pcl_example/install/pcl_example' for CMake module files
[13.092s] Level 1:colcon.colcon_core.environment:checking '/home/ws/src/pcl_example/install/pcl_example' for CMake config files
[13.092s] Level 1:colcon.colcon_core.shell:create_environment_hook('pcl_example', 'cmake_prefix_path')
[13.093s] INFO:colcon.colcon_core.shell:Creating environment hook '/home/ws/src/pcl_example/install/pcl_example/share/pcl_example/hook/cmake_prefix_path.ps1'
[13.093s] INFO:colcon.colcon_core.shell:Creating environment descriptor '/home/ws/src/pcl_example/install/pcl_example/share/pcl_example/hook/cmake_prefix_path.dsv'
[13.094s] INFO:colcon.colcon_core.shell:Creating environment hook '/home/ws/src/pcl_example/install/pcl_example/share/pcl_example/hook/cmake_prefix_path.sh'
[13.095s] Level 1:colcon.colcon_core.environment:checking '/home/ws/src/pcl_example/install/pcl_example/lib'
[13.095s] Level 1:colcon.colcon_core.environment:checking '/home/ws/src/pcl_example/install/pcl_example/bin'
[13.095s] Level 1:colcon.colcon_core.environment:checking '/home/ws/src/pcl_example/install/pcl_example/lib/pkgconfig/pcl_example.pc'
[13.096s] Level 1:colcon.colcon_core.environment:checking '/home/ws/src/pcl_example/install/pcl_example/lib/python3.10/site-packages'
[13.096s] Level 1:colcon.colcon_core.environment:checking '/home/ws/src/pcl_example/install/pcl_example/bin'
[13.097s] INFO:colcon.colcon_core.shell:Creating package script '/home/ws/src/pcl_example/install/pcl_example/share/pcl_example/package.ps1'
[13.097s] INFO:colcon.colcon_core.shell:Creating package descriptor '/home/ws/src/pcl_example/install/pcl_example/share/pcl_example/package.dsv'
[13.098s] INFO:colcon.colcon_core.shell:Creating package script '/home/ws/src/pcl_example/install/pcl_example/share/pcl_example/package.sh'
[13.099s] INFO:colcon.colcon_core.shell:Creating package script '/home/ws/src/pcl_example/install/pcl_example/share/pcl_example/package.bash'
[13.099s] INFO:colcon.colcon_core.shell:Creating package script '/home/ws/src/pcl_example/install/pcl_example/share/pcl_example/package.zsh'
[13.100s] Level 1:colcon.colcon_core.environment:create_file_with_runtime_dependencies(/home/ws/src/pcl_example/install/pcl_example/share/colcon-core/packages/pcl_example)
[13.113s] Level 1:colcon.colcon_core.environment:create_environment_scripts_only(pcl_example)
[13.113s] Level 1:colcon.colcon_core.environment:checking '/home/ws/src/pcl_example/install/pcl_example' for CMake module files
[13.114s] Level 1:colcon.colcon_core.environment:checking '/home/ws/src/pcl_example/install/pcl_example' for CMake config files
[13.114s] Level 1:colcon.colcon_core.shell:create_environment_hook('pcl_example', 'cmake_prefix_path')
[13.115s] INFO:colcon.colcon_core.shell:Creating environment hook '/home/ws/src/pcl_example/install/pcl_example/share/pcl_example/hook/cmake_prefix_path.ps1'
[13.115s] INFO:colcon.colcon_core.shell:Creating environment descriptor '/home/ws/src/pcl_example/install/pcl_example/share/pcl_example/hook/cmake_prefix_path.dsv'
[13.115s] INFO:colcon.colcon_core.shell:Creating environment hook '/home/ws/src/pcl_example/install/pcl_example/share/pcl_example/hook/cmake_prefix_path.sh'
[13.115s] Level 1:colcon.colcon_core.environment:checking '/home/ws/src/pcl_example/install/pcl_example/lib'
[13.115s] Level 1:colcon.colcon_core.environment:checking '/home/ws/src/pcl_example/install/pcl_example/bin'
[13.115s] Level 1:colcon.colcon_core.environment:checking '/home/ws/src/pcl_example/install/pcl_example/lib/pkgconfig/pcl_example.pc'
[13.116s] Level 1:colcon.colcon_core.environment:checking '/home/ws/src/pcl_example/install/pcl_example/lib/python3.10/site-packages'
[13.116s] Level 1:colcon.colcon_core.environment:checking '/home/ws/src/pcl_example/install/pcl_example/bin'
[13.116s] INFO:colcon.colcon_core.shell:Creating package script '/home/ws/src/pcl_example/install/pcl_example/share/pcl_example/package.ps1'
[13.116s] INFO:colcon.colcon_core.shell:Creating package descriptor '/home/ws/src/pcl_example/install/pcl_example/share/pcl_example/package.dsv'
[13.116s] INFO:colcon.colcon_core.shell:Creating package script '/home/ws/src/pcl_example/install/pcl_example/share/pcl_example/package.sh'
[13.117s] INFO:colcon.colcon_core.shell:Creating package script '/home/ws/src/pcl_example/install/pcl_example/share/pcl_example/package.bash'
[13.117s] INFO:colcon.colcon_core.shell:Creating package script '/home/ws/src/pcl_example/install/pcl_example/share/pcl_example/package.zsh'
[13.117s] Level 1:colcon.colcon_core.environment:create_file_with_runtime_dependencies(/home/ws/src/pcl_example/install/pcl_example/share/colcon-core/packages/pcl_example)
[13.117s] DEBUG:colcon.colcon_parallel_executor.executor.parallel:closing loop
[13.117s] DEBUG:colcon.colcon_parallel_executor.executor.parallel:loop closed
[13.117s] DEBUG:colcon.colcon_parallel_executor.executor.parallel:run_until_complete finished with '0'
[13.117s] DEBUG:colcon.colcon_core.event_reactor:joining thread
[13.123s] INFO:colcon.colcon_core.plugin_system:Skipping extension 'colcon_notification.desktop_notification.notify_send': Could not find 'notify-send'
[13.123s] INFO:colcon.colcon_core.plugin_system:Skipping extension 'colcon_notification.desktop_notification.terminal_notifier': Not used on non-Darwin systems
[13.123s] INFO:colcon.colcon_core.plugin_system:Skipping extension 'colcon_notification.desktop_notification.win32': Not used on non-Windows systems
[13.123s] INFO:colcon.colcon_notification.desktop_notification:Sending desktop notification using 'notify2'
[13.125s] DEBUG:colcon.colcon_notification.desktop_notification.notify2:Failed to initialize notify2: org.freedesktop.DBus.Error.Spawn.ExecFailed: /usr/bin/dbus-launch terminated abnormally without any error message
[13.125s] DEBUG:colcon.colcon_core.event_reactor:joined thread
[13.125s] INFO:colcon.colcon_core.shell:Creating prefix script '/home/ws/src/pcl_example/install/local_setup.ps1'
[13.126s] INFO:colcon.colcon_core.shell:Creating prefix util module '/home/ws/src/pcl_example/install/_local_setup_util_ps1.py'
[13.128s] INFO:colcon.colcon_core.shell:Creating prefix chain script '/home/ws/src/pcl_example/install/setup.ps1'
[13.129s] INFO:colcon.colcon_core.shell:Creating prefix script '/home/ws/src/pcl_example/install/local_setup.sh'
[13.129s] INFO:colcon.colcon_core.shell:Creating prefix util module '/home/ws/src/pcl_example/install/_local_setup_util_sh.py'
[13.130s] INFO:colcon.colcon_core.shell:Creating prefix chain script '/home/ws/src/pcl_example/install/setup.sh'
[13.131s] INFO:colcon.colcon_core.shell:Creating prefix script '/home/ws/src/pcl_example/install/local_setup.bash'
[13.131s] INFO:colcon.colcon_core.shell:Creating prefix chain script '/home/ws/src/pcl_example/install/setup.bash'
[13.132s] INFO:colcon.colcon_core.shell:Creating prefix script '/home/ws/src/pcl_example/install/local_setup.zsh'
[13.133s] INFO:colcon.colcon_core.shell:Creating prefix chain script '/home/ws/src/pcl_example/install/setup.zsh'
