[0.006s] Invoking command in '/home/ws/src/pcl_example/build/pcl_example': CMAKE_PREFIX_PATH=${CMAKE_PREFIX_PATH}:/opt/ros/humble /usr/bin/cmake --build /home/ws/src/pcl_example/build/pcl_example -- -j20 -l20
[0.035s] [35m[1mConsolidate compiler generated dependencies of target pcl_example_node[0m
[0.055s] [ 33%] [32mBuilding CXX object CMakeFiles/pcl_example_node.dir/src/pcl_example.cpp.o[0m
[3.266s] [01m[K/home/ws/src/pcl_example/src/pcl_example.cpp:[m[K In member function ‘[01m[Kvoid Pcl_Example::topic_callback(sensor_msgs::msg::PointCloud2_<std::allocator<void> >::SharedPtr)[m[K’:
[3.266s] [01m[K/home/ws/src/pcl_example/src/pcl_example.cpp:128:28:[m[K [01;31m[Kerror: [m[Kcannot convert ‘[01m[Ksensor_msgs::msg::PointCloud2[m[K’ {aka ‘[01m[Ksensor_msgs::msg::PointCloud2_<std::allocator<void> >[m[K’} to ‘[01m[Kconst PointCloudSourceConstPtr&[m[K’ {aka ‘[01m[Kconst std::shared_ptr<const pcl::PointCloud<pcl::PointXYZ> >&[m[K’}
[3.266s]   128 |         icp.setInputSource([01;31m[Kkeypoints_msg[m[K);
[3.266s]       |                            [01;31m[K^~~~~~~~~~~~~[m[K
[3.266s]       |                            [01;31m[K|[m[K
[3.266s]       |                            [01;31m[Ksensor_msgs::msg::PointCloud2 {aka sensor_msgs::msg::PointCloud2_<std::allocator<void> >}[m[K
[3.266s] In file included from [01m[K/home/ws/src/pcl_example/src/pcl_example.cpp:36[m[K:
[3.266s] [01m[K/usr/include/pcl-1.12/pcl/registration/icp.h:207:50:[m[K [01;36m[Knote: [m[K  initializing argument 1 of ‘[01m[Kvoid pcl::IterativeClosestPoint<PointSource, PointTarget, Scalar>::setInputSource(const PointCloudSourceConstPtr&) [with PointSource = pcl::PointXYZ; PointTarget = pcl::PointXYZ; Scalar = float; pcl::IterativeClosestPoint<PointSource, PointTarget, Scalar>::PointCloudSourceConstPtr = std::shared_ptr<const pcl::PointCloud<pcl::PointXYZ> >][m[K’
[3.266s]   207 |   setInputSource([01;36m[Kconst PointCloudSourceConstPtr& cloud[m[K) override
[3.266s]       |                  [01;36m[K~~~~~~~~~~~~~~~~~~~~~~~~~~~~~~~~^~~~~[m[K
[3.275s] [01m[K/home/ws/src/pcl_example/src/pcl_example.cpp:170:24:[m[K [01;31m[Kerror: [m[Kno match for ‘[01m[Koperator=[m[K’ (operand types are ‘[01m[Kstd::__shared_ptr_access<pcl::PointCloud<pcl::PointXYZ>, __gnu_cxx::_S_atomic, false, false>::element_type[m[K’ {aka ‘[01m[Kpcl::PointCloud<pcl::PointXYZ>[m[K’} and ‘[01m[Ksensor_msgs::msg::PointCloud2[m[K’ {aka ‘[01m[Ksensor_msgs::msg::PointCloud2_<std::allocator<void> >[m[K’})
[3.275s]   170 |     *previous_cloud_ = [01;31m[Kkeypoints_msg[m[K;
[3.275s]       |                        [01;31m[K^~~~~~~~~~~~~[m[K
[3.275s] In file included from [01m[K/home/ws/src/pcl_example/include/pcl_example/pcl_example_node.hpp:8[m[K,
[3.275s]                  from [01m[K/home/ws/src/pcl_example/src/pcl_example.cpp:26[m[K:
[3.275s] [01m[K/usr/include/pcl-1.12/pcl/point_cloud.h:172:21:[m[K [01;36m[Knote: [m[Kcandidate: ‘[01m[Kpcl::PointCloud<pcl::PointXYZ>& pcl::PointCloud<pcl::PointXYZ>::operator=(const pcl::PointCloud<pcl::PointXYZ>&)[m[K’
[3.275s]   172 |   class PCL_EXPORTS [01;36m[KPointCloud[m[K
[3.276s]       |                     [01;36m[K^~~~~~~~~~[m[K
[3.276s] [01m[K/usr/include/pcl-1.12/pcl/point_cloud.h:172:21:[m[K [01;36m[Knote: [m[K  no known conversion for argument 1 from ‘[01m[Ksensor_msgs::msg::PointCloud2[m[K’ {aka ‘[01m[Ksensor_msgs::msg::PointCloud2_<std::allocator<void> >[m[K’} to ‘[01m[Kconst pcl::PointCloud<pcl::PointXYZ>&[m[K’
[3.276s] [01m[K/usr/include/pcl-1.12/pcl/point_cloud.h:172:21:[m[K [01;36m[Knote: [m[Kcandidate: ‘[01m[Kpcl::PointCloud<pcl::PointXYZ>& pcl::PointCloud<pcl::PointXYZ>::operator=(pcl::PointCloud<pcl::PointXYZ>&&)[m[K’
[3.276s] [01m[K/usr/include/pcl-1.12/pcl/point_cloud.h:172:21:[m[K [01;36m[Knote: [m[K  no known conversion for argument 1 from ‘[01m[Ksensor_msgs::msg::PointCloud2[m[K’ {aka ‘[01m[Ksensor_msgs::msg::PointCloud2_<std::allocator<void> >[m[K’} to ‘[01m[Kpcl::PointCloud<pcl::PointXYZ>&&[m[K’
[7.187s] gmake[2]: *** [CMakeFiles/pcl_example_node.dir/build.make:90: CMakeFiles/pcl_example_node.dir/src/pcl_example.cpp.o] Error 1
[7.187s] gmake[1]: *** [CMakeFiles/Makefile2:137: CMakeFiles/pcl_example_node.dir/all] Error 2
[7.187s] gmake: *** [Makefile:146: all] Error 2
[7.190s] Invoked command in '/home/ws/src/pcl_example/build/pcl_example' returned '2': CMAKE_PREFIX_PATH=${CMAKE_PREFIX_PATH}:/opt/ros/humble /usr/bin/cmake --build /home/ws/src/pcl_example/build/pcl_example -- -j20 -l20
