[0.007s] Invoking command in '/home/ws/src/pcl_example/build/pcl_example': CMAKE_PREFIX_PATH=${CMAKE_PREFIX_PATH}:/opt/ros/humble /usr/bin/cmake --build /home/ws/src/pcl_example/build/pcl_example -- -j20 -l20
[0.038s] [35m[1mConsolidate compiler generated dependencies of target pcl_example_node[0m
[0.057s] [ 33%] [32mBuilding CXX object CMakeFiles/pcl_example_node.dir/src/pcl_example.cpp.o[0m
[3.121s] [01m[K/home/ws/src/pcl_example/src/pcl_example.cpp:[m[K In member function ‘[01m[Kvoid Pcl_Example::topic_callback(sensor_msgs::msg::PointCloud2_<std::allocator<void> >::SharedPtr)[m[K’:
[3.121s] [01m[K/home/ws/src/pcl_example/src/pcl_example.cpp:83:28:[m[K [01;31m[Kerror: [m[Kcannot convert ‘[01m[Kpcl::PointCloud<pcl::PointXYZ>::Ptr[m[K’ {aka ‘[01m[Kstd::shared_ptr<pcl::PointCloud<pcl::PointXYZ> >[m[K’} to ‘[01m[Kconst PCLPointCloud2ConstPtr&[m[K’ {aka ‘[01m[Kconst std::shared_ptr<const pcl::PCLPointCloud2>&[m[K’}
[3.121s]    83 |   voxel_grid.setInputCloud([01;31m[Kcloud_xyz[m[K);
[3.121s]       |                            [01;31m[K^~~~~~~~~[m[K
[3.121s]       |                            [01;31m[K|[m[K
[3.121s]       |                            [01;31m[Kpcl::PointCloud<pcl::PointXYZ>::Ptr {aka std::shared_ptr<pcl::PointCloud<pcl::PointXYZ> >}[m[K
[3.121s] In file included from [01m[K/usr/include/pcl-1.12/pcl/features/feature.h:49[m[K,
[3.121s]                  from [01m[K/usr/include/pcl-1.12/pcl/features/normal_3d.h:45[m[K,
[3.122s]                  from [01m[K/usr/include/pcl-1.12/pcl/features/normal_3d_omp.h:43[m[K,
[3.122s]                  from [01m[K/home/ws/src/pcl_example/src/pcl_example.cpp:31[m[K:
[3.122s] [01m[K/usr/include/pcl-1.12/pcl/pcl_base.h:201:52:[m[K [01;36m[Knote: [m[K  initializing argument 1 of ‘[01m[Kvoid pcl::PCLBase<pcl::PCLPointCloud2>::setInputCloud(const PCLPointCloud2ConstPtr&)[m[K’
[3.122s]   201 |       setInputCloud ([01;36m[Kconst PCLPointCloud2ConstPtr &cloud[m[K);
[3.122s]       |                      [01;36m[K~~~~~~~~~~~~~~~~~~~~~~~~~~~~~~^~~~~[m[K
[3.122s] [01m[K/home/ws/src/pcl_example/src/pcl_example.cpp:86:21:[m[K [01;31m[Kerror: [m[Kcannot convert ‘[01m[Kstd::__shared_ptr_access<pcl::PointCloud<pcl::PointXYZ>, __gnu_cxx::_S_atomic, false, false>::element_type[m[K’ {aka ‘[01m[Kpcl::PointCloud<pcl::PointXYZ>[m[K’} to ‘[01m[Kpcl::Filter<pcl::PCLPointCloud2>::PCLPointCloud2&[m[K’ {aka ‘[01m[Kpcl::PCLPointCloud2&[m[K’}
[3.122s]    86 |   voxel_grid.filter([01;31m[K*cloud_filtered[m[K);
[3.122s]       |                     [01;31m[K^~~~~~~~~~~~~~~[m[K
[3.122s]       |                     [01;31m[K|[m[K
[3.122s]       |                     [01;31m[Kstd::__shared_ptr_access<pcl::PointCloud<pcl::PointXYZ>, __gnu_cxx::_S_atomic, false, false>::element_type {aka pcl::PointCloud<pcl::PointXYZ>}[m[K
[3.122s] In file included from [01m[K/usr/include/pcl-1.12/pcl/filters/voxel_grid.h:42[m[K,
[3.122s]                  from [01m[K/home/ws/src/pcl_example/src/pcl_example.cpp:35[m[K:
[3.122s] [01m[K/usr/include/pcl-1.12/pcl/filters/filter.h:226:31:[m[K [01;36m[Knote: [m[K  initializing argument 1 of ‘[01m[Kvoid pcl::Filter<pcl::PCLPointCloud2>::filter(pcl::Filter<pcl::PCLPointCloud2>::PCLPointCloud2&)[m[K’
[3.122s]   226 |       filter ([01;36m[KPCLPointCloud2 &output[m[K);
[3.122s]       |               [01;36m[K~~~~~~~~~~~~~~~~^~~~~~[m[K
[5.558s] gmake[2]: *** [CMakeFiles/pcl_example_node.dir/build.make:90: CMakeFiles/pcl_example_node.dir/src/pcl_example.cpp.o] Error 1
[5.559s] gmake[1]: *** [CMakeFiles/Makefile2:137: CMakeFiles/pcl_example_node.dir/all] Error 2
[5.559s] gmake: *** [Makefile:146: all] Error 2
[5.562s] Invoked command in '/home/ws/src/pcl_example/build/pcl_example' returned '2': CMAKE_PREFIX_PATH=${CMAKE_PREFIX_PATH}:/opt/ros/humble /usr/bin/cmake --build /home/ws/src/pcl_example/build/pcl_example -- -j20 -l20
