[0.009s] Invoking command in '/home/ws/src/pcl_example/build/pcl_example': CMAKE_PREFIX_PATH=${CMAKE_PREFIX_PATH}:/home/ws/install/launch_testing_examples:/home/ws/install/examples_rclpy_pointcloud_publisher:/home/ws/install/examples_rclpy_minimal_subscriber:/home/ws/install/examples_rclpy_minimal_service:/home/ws/install/examples_rclpy_minimal_publisher:/home/ws/install/examples_rclpy_minimal_client:/home/ws/install/examples_rclpy_minimal_action_server:/home/ws/install/examples_rclpy_minimal_action_client:/home/ws/install/examples_rclpy_guard_conditions:/home/ws/install/examples_rclpy_executors:/opt/ros/humble /usr/bin/cmake --build /home/ws/src/pcl_example/build/pcl_example -- -j20 -l20
[0.052s] [ 33%] [32mBuilding CXX object CMakeFiles/pcl_example_node.dir/src/pcl_example.cpp.o[0m
[14.634s] [ 66%] [32m[1mLinking CXX executable pcl_example_node[0m
[15.935s] [100%] Built target pcl_example_node
[15.946s] Invoked command in '/home/ws/src/pcl_example/build/pcl_example' returned '0': CMAKE_PREFIX_PATH=${CMAKE_PREFIX_PATH}:/home/ws/install/launch_testing_examples:/home/ws/install/examples_rclpy_pointcloud_publisher:/home/ws/install/examples_rclpy_minimal_subscriber:/home/ws/install/examples_rclpy_minimal_service:/home/ws/install/examples_rclpy_minimal_publisher:/home/ws/install/examples_rclpy_minimal_client:/home/ws/install/examples_rclpy_minimal_action_server:/home/ws/install/examples_rclpy_minimal_action_client:/home/ws/install/examples_rclpy_guard_conditions:/home/ws/install/examples_rclpy_executors:/opt/ros/humble /usr/bin/cmake --build /home/ws/src/pcl_example/build/pcl_example -- -j20 -l20
[15.967s] Invoking command in '/home/ws/src/pcl_example/build/pcl_example': CMAKE_PREFIX_PATH=${CMAKE_PREFIX_PATH}:/home/ws/install/launch_testing_examples:/home/ws/install/examples_rclpy_pointcloud_publisher:/home/ws/install/examples_rclpy_minimal_subscriber:/home/ws/install/examples_rclpy_minimal_service:/home/ws/install/examples_rclpy_minimal_publisher:/home/ws/install/examples_rclpy_minimal_client:/home/ws/install/examples_rclpy_minimal_action_server:/home/ws/install/examples_rclpy_minimal_action_client:/home/ws/install/examples_rclpy_guard_conditions:/home/ws/install/examples_rclpy_executors:/opt/ros/humble /usr/bin/cmake --install /home/ws/src/pcl_example/build/pcl_example
[15.972s] -- Install configuration: "Release"
[15.972s] -- Execute custom install script
[15.972s] -- Up-to-date symlink: /home/ws/src/pcl_example/install/pcl_example/lib/pcl_example/pcl_example_node
[15.972s] -- Up-to-date symlink: /home/ws/src/pcl_example/install/pcl_example/lib/pcl_example/cube1_record_1.yaml
[15.972s] -- Up-to-date symlink: /home/ws/src/pcl_example/install/pcl_example/lib/pcl_example/cube1_record_2.yaml
[15.972s] -- Up-to-date symlink: /home/ws/src/pcl_example/install/pcl_example/lib/pcl_example/pcl_example_launch.testing.py
[15.972s] -- Up-to-date symlink: /home/ws/src/pcl_example/install/pcl_example/lib/pcl_example/pcl_example.rviz
[15.972s] -- Up-to-date symlink: /home/ws/src/pcl_example/install/pcl_example/share/ament_index/resource_index/package_run_dependencies/pcl_example
[15.973s] -- Up-to-date symlink: /home/ws/src/pcl_example/install/pcl_example/share/ament_index/resource_index/parent_prefix_path/pcl_example
[15.973s] -- Up-to-date symlink: /home/ws/src/pcl_example/install/pcl_example/share/pcl_example/environment/ament_prefix_path.sh
[15.973s] -- Up-to-date symlink: /home/ws/src/pcl_example/install/pcl_example/share/pcl_example/environment/ament_prefix_path.dsv
[15.973s] -- Up-to-date symlink: /home/ws/src/pcl_example/install/pcl_example/share/pcl_example/environment/path.sh
[15.973s] -- Up-to-date symlink: /home/ws/src/pcl_example/install/pcl_example/share/pcl_example/environment/path.dsv
[15.973s] -- Up-to-date symlink: /home/ws/src/pcl_example/install/pcl_example/share/pcl_example/local_setup.bash
[15.973s] -- Up-to-date symlink: /home/ws/src/pcl_example/install/pcl_example/share/pcl_example/local_setup.sh
[15.973s] -- Up-to-date symlink: /home/ws/src/pcl_example/install/pcl_example/share/pcl_example/local_setup.zsh
[15.973s] -- Up-to-date symlink: /home/ws/src/pcl_example/install/pcl_example/share/pcl_example/local_setup.dsv
[15.973s] -- Symlinking: /home/ws/src/pcl_example/install/pcl_example/share/pcl_example/package.dsv
[15.978s] -- Up-to-date symlink: /home/ws/src/pcl_example/install/pcl_example/share/ament_index/resource_index/packages/pcl_example
[15.978s] -- Up-to-date symlink: /home/ws/src/pcl_example/install/pcl_example/share/pcl_example/cmake/pcl_exampleConfig.cmake
[15.978s] -- Up-to-date symlink: /home/ws/src/pcl_example/install/pcl_example/share/pcl_example/cmake/pcl_exampleConfig-version.cmake
[15.978s] -- Up-to-date symlink: /home/ws/src/pcl_example/install/pcl_example/share/pcl_example/package.xml
[15.980s] Invoked command in '/home/ws/src/pcl_example/build/pcl_example' returned '0': CMAKE_PREFIX_PATH=${CMAKE_PREFIX_PATH}:/home/ws/install/launch_testing_examples:/home/ws/install/examples_rclpy_pointcloud_publisher:/home/ws/install/examples_rclpy_minimal_subscriber:/home/ws/install/examples_rclpy_minimal_service:/home/ws/install/examples_rclpy_minimal_publisher:/home/ws/install/examples_rclpy_minimal_client:/home/ws/install/examples_rclpy_minimal_action_server:/home/ws/install/examples_rclpy_minimal_action_client:/home/ws/install/examples_rclpy_guard_conditions:/home/ws/install/examples_rclpy_executors:/opt/ros/humble /usr/bin/cmake --install /home/ws/src/pcl_example/build/pcl_example
