[0.009s] Invoking command in '/home/ws/src/pcl_example/build/pcl_example': CMAKE_PREFIX_PATH=${CMAKE_PREFIX_PATH}:/home/ws/install/launch_testing_examples:/home/ws/install/examples_rclpy_pointcloud_publisher:/home/ws/install/examples_rclpy_minimal_subscriber:/home/ws/install/examples_rclpy_minimal_service:/home/ws/install/examples_rclpy_minimal_publisher:/home/ws/install/examples_rclpy_minimal_client:/home/ws/install/examples_rclpy_minimal_action_server:/home/ws/install/examples_rclpy_minimal_action_client:/home/ws/install/examples_rclpy_guard_conditions:/home/ws/install/examples_rclpy_executors:/opt/ros/humble /usr/bin/cmake --build /home/ws/src/pcl_example/build/pcl_example -- -j20 -l20
[0.053s] [35m[1mConsolidate compiler generated dependencies of target pcl_example_node[0m
[0.074s] [ 33%] [32mBuilding CXX object CMakeFiles/pcl_example_node.dir/src/pcl_example.cpp.o[0m
[10.984s] [ 66%] [32m[1mLinking CXX executable pcl_example_node[0m
[12.433s] [100%] Built target pcl_example_node
[12.440s] Invoked command in '/home/ws/src/pcl_example/build/pcl_example' returned '0': CMAKE_PREFIX_PATH=${CMAKE_PREFIX_PATH}:/home/ws/install/launch_testing_examples:/home/ws/install/examples_rclpy_pointcloud_publisher:/home/ws/install/examples_rclpy_minimal_subscriber:/home/ws/install/examples_rclpy_minimal_service:/home/ws/install/examples_rclpy_minimal_publisher:/home/ws/install/examples_rclpy_minimal_client:/home/ws/install/examples_rclpy_minimal_action_server:/home/ws/install/examples_rclpy_minimal_action_client:/home/ws/install/examples_rclpy_guard_conditions:/home/ws/install/examples_rclpy_executors:/opt/ros/humble /usr/bin/cmake --build /home/ws/src/pcl_example/build/pcl_example -- -j20 -l20
[12.465s] Invoking command in '/home/ws/src/pcl_example/build/pcl_example': CMAKE_PREFIX_PATH=${CMAKE_PREFIX_PATH}:/home/ws/install/launch_testing_examples:/home/ws/install/examples_rclpy_pointcloud_publisher:/home/ws/install/examples_rclpy_minimal_subscriber:/home/ws/install/examples_rclpy_minimal_service:/home/ws/install/examples_rclpy_minimal_publisher:/home/ws/install/examples_rclpy_minimal_client:/home/ws/install/examples_rclpy_minimal_action_server:/home/ws/install/examples_rclpy_minimal_action_client:/home/ws/install/examples_rclpy_guard_conditions:/home/ws/install/examples_rclpy_executors:/opt/ros/humble /usr/bin/cmake --install /home/ws/src/pcl_example/build/pcl_example
[12.471s] -- Install configuration: "Release"
[12.471s] -- Execute custom install script
[12.471s] -- Up-to-date symlink: /home/ws/src/pcl_example/install/pcl_example/lib/pcl_example/pcl_example_node
[12.471s] -- Up-to-date symlink: /home/ws/src/pcl_example/install/pcl_example/lib/pcl_example/cube1_record_1.yaml
[12.471s] -- Up-to-date symlink: /home/ws/src/pcl_example/install/pcl_example/lib/pcl_example/cube1_record_2.yaml
[12.471s] -- Up-to-date symlink: /home/ws/src/pcl_example/install/pcl_example/lib/pcl_example/pcl_example_launch.testing.py
[12.471s] -- Up-to-date symlink: /home/ws/src/pcl_example/install/pcl_example/lib/pcl_example/pcl_example.rviz
[12.471s] -- Up-to-date symlink: /home/ws/src/pcl_example/install/pcl_example/share/ament_index/resource_index/package_run_dependencies/pcl_example
[12.471s] -- Up-to-date symlink: /home/ws/src/pcl_example/install/pcl_example/share/ament_index/resource_index/parent_prefix_path/pcl_example
[12.471s] -- Up-to-date symlink: /home/ws/src/pcl_example/install/pcl_example/share/pcl_example/environment/ament_prefix_path.sh
[12.472s] -- Up-to-date symlink: /home/ws/src/pcl_example/install/pcl_example/share/pcl_example/environment/ament_prefix_path.dsv
[12.472s] -- Up-to-date symlink: /home/ws/src/pcl_example/install/pcl_example/share/pcl_example/environment/path.sh
[12.472s] -- Up-to-date symlink: /home/ws/src/pcl_example/install/pcl_example/share/pcl_example/environment/path.dsv
[12.472s] -- Up-to-date symlink: /home/ws/src/pcl_example/install/pcl_example/share/pcl_example/local_setup.bash
[12.472s] -- Up-to-date symlink: /home/ws/src/pcl_example/install/pcl_example/share/pcl_example/local_setup.sh
[12.472s] -- Up-to-date symlink: /home/ws/src/pcl_example/install/pcl_example/share/pcl_example/local_setup.zsh
[12.472s] -- Up-to-date symlink: /home/ws/src/pcl_example/install/pcl_example/share/pcl_example/local_setup.dsv
[12.472s] -- Symlinking: /home/ws/src/pcl_example/install/pcl_example/share/pcl_example/package.dsv
[12.477s] -- Up-to-date symlink: /home/ws/src/pcl_example/install/pcl_example/share/ament_index/resource_index/packages/pcl_example
[12.477s] -- Up-to-date symlink: /home/ws/src/pcl_example/install/pcl_example/share/pcl_example/cmake/pcl_exampleConfig.cmake
[12.477s] -- Up-to-date symlink: /home/ws/src/pcl_example/install/pcl_example/share/pcl_example/cmake/pcl_exampleConfig-version.cmake
[12.478s] -- Up-to-date symlink: /home/ws/src/pcl_example/install/pcl_example/share/pcl_example/package.xml
[12.479s] Invoked command in '/home/ws/src/pcl_example/build/pcl_example' returned '0': CMAKE_PREFIX_PATH=${CMAKE_PREFIX_PATH}:/home/ws/install/launch_testing_examples:/home/ws/install/examples_rclpy_pointcloud_publisher:/home/ws/install/examples_rclpy_minimal_subscriber:/home/ws/install/examples_rclpy_minimal_service:/home/ws/install/examples_rclpy_minimal_publisher:/home/ws/install/examples_rclpy_minimal_client:/home/ws/install/examples_rclpy_minimal_action_server:/home/ws/install/examples_rclpy_minimal_action_client:/home/ws/install/examples_rclpy_guard_conditions:/home/ws/install/examples_rclpy_executors:/opt/ros/humble /usr/bin/cmake --install /home/ws/src/pcl_example/build/pcl_example
