[0.008s] Invoking command in '/home/ws/src/pcl_example/build/pcl_example': CMAKE_PREFIX_PATH=${CMAKE_PREFIX_PATH}:/home/ws/install/launch_testing_examples:/home/ws/install/examples_rclpy_pointcloud_publisher:/home/ws/install/examples_rclpy_minimal_subscriber:/home/ws/install/examples_rclpy_minimal_service:/home/ws/install/examples_rclpy_minimal_publisher:/home/ws/install/examples_rclpy_minimal_client:/home/ws/install/examples_rclpy_minimal_action_server:/home/ws/install/examples_rclpy_minimal_action_client:/home/ws/install/examples_rclpy_guard_conditions:/home/ws/install/examples_rclpy_executors:/opt/ros/humble /usr/bin/cmake --build /home/ws/src/pcl_example/build/pcl_example -- -j20 -l20
[0.047s] [35m[1mConsolidate compiler generated dependencies of target pcl_example_node[0m
[0.067s] [100%] Built target pcl_example_node
[0.074s] Invoked command in '/home/ws/src/pcl_example/build/pcl_example' returned '0': CMAKE_PREFIX_PATH=${CMAKE_PREFIX_PATH}:/home/ws/install/launch_testing_examples:/home/ws/install/examples_rclpy_pointcloud_publisher:/home/ws/install/examples_rclpy_minimal_subscriber:/home/ws/install/examples_rclpy_minimal_service:/home/ws/install/examples_rclpy_minimal_publisher:/home/ws/install/examples_rclpy_minimal_client:/home/ws/install/examples_rclpy_minimal_action_server:/home/ws/install/examples_rclpy_minimal_action_client:/home/ws/install/examples_rclpy_guard_conditions:/home/ws/install/examples_rclpy_executors:/opt/ros/humble /usr/bin/cmake --build /home/ws/src/pcl_example/build/pcl_example -- -j20 -l20
[0.096s] Invoking command in '/home/ws/src/pcl_example/build/pcl_example': CMAKE_PREFIX_PATH=${CMAKE_PREFIX_PATH}:/home/ws/install/launch_testing_examples:/home/ws/install/examples_rclpy_pointcloud_publisher:/home/ws/install/examples_rclpy_minimal_subscriber:/home/ws/install/examples_rclpy_minimal_service:/home/ws/install/examples_rclpy_minimal_publisher:/home/ws/install/examples_rclpy_minimal_client:/home/ws/install/examples_rclpy_minimal_action_server:/home/ws/install/examples_rclpy_minimal_action_client:/home/ws/install/examples_rclpy_guard_conditions:/home/ws/install/examples_rclpy_executors:/opt/ros/humble /usr/bin/cmake --install /home/ws/src/pcl_example/build/pcl_example
[0.100s] -- Install configuration: "Release"
[0.100s] -- Execute custom install script
[0.100s] -- Up-to-date symlink: /home/ws/src/pcl_example/install/pcl_example/lib/pcl_example/pcl_example_node
[0.100s] -- Up-to-date symlink: /home/ws/src/pcl_example/install/pcl_example/lib/pcl_example/cube1_record_1.yaml
[0.100s] -- Up-to-date symlink: /home/ws/src/pcl_example/install/pcl_example/lib/pcl_example/cube1_record_2.yaml
[0.100s] -- Up-to-date symlink: /home/ws/src/pcl_example/install/pcl_example/lib/pcl_example/pcl_example_launch.testing.py
[0.100s] -- Up-to-date symlink: /home/ws/src/pcl_example/install/pcl_example/lib/pcl_example/pcl_example.rviz
[0.101s] -- Up-to-date symlink: /home/ws/src/pcl_example/install/pcl_example/share/ament_index/resource_index/package_run_dependencies/pcl_example
[0.101s] -- Up-to-date symlink: /home/ws/src/pcl_example/install/pcl_example/share/ament_index/resource_index/parent_prefix_path/pcl_example
[0.101s] -- Up-to-date symlink: /home/ws/src/pcl_example/install/pcl_example/share/pcl_example/environment/ament_prefix_path.sh
[0.101s] -- Up-to-date symlink: /home/ws/src/pcl_example/install/pcl_example/share/pcl_example/environment/ament_prefix_path.dsv
[0.101s] -- Up-to-date symlink: /home/ws/src/pcl_example/install/pcl_example/share/pcl_example/environment/path.sh
[0.101s] -- Up-to-date symlink: /home/ws/src/pcl_example/install/pcl_example/share/pcl_example/environment/path.dsv
[0.101s] -- Up-to-date symlink: /home/ws/src/pcl_example/install/pcl_example/share/pcl_example/local_setup.bash
[0.101s] -- Up-to-date symlink: /home/ws/src/pcl_example/install/pcl_example/share/pcl_example/local_setup.sh
[0.101s] -- Up-to-date symlink: /home/ws/src/pcl_example/install/pcl_example/share/pcl_example/local_setup.zsh
[0.101s] -- Up-to-date symlink: /home/ws/src/pcl_example/install/pcl_example/share/pcl_example/local_setup.dsv
[0.101s] -- Symlinking: /home/ws/src/pcl_example/install/pcl_example/share/pcl_example/package.dsv
[0.105s] -- Up-to-date symlink: /home/ws/src/pcl_example/install/pcl_example/share/ament_index/resource_index/packages/pcl_example
[0.105s] -- Up-to-date symlink: /home/ws/src/pcl_example/install/pcl_example/share/pcl_example/cmake/pcl_exampleConfig.cmake
[0.105s] -- Up-to-date symlink: /home/ws/src/pcl_example/install/pcl_example/share/pcl_example/cmake/pcl_exampleConfig-version.cmake
[0.105s] -- Up-to-date symlink: /home/ws/src/pcl_example/install/pcl_example/share/pcl_example/package.xml
[0.106s] Invoked command in '/home/ws/src/pcl_example/build/pcl_example' returned '0': CMAKE_PREFIX_PATH=${CMAKE_PREFIX_PATH}:/home/ws/install/launch_testing_examples:/home/ws/install/examples_rclpy_pointcloud_publisher:/home/ws/install/examples_rclpy_minimal_subscriber:/home/ws/install/examples_rclpy_minimal_service:/home/ws/install/examples_rclpy_minimal_publisher:/home/ws/install/examples_rclpy_minimal_client:/home/ws/install/examples_rclpy_minimal_action_server:/home/ws/install/examples_rclpy_minimal_action_client:/home/ws/install/examples_rclpy_guard_conditions:/home/ws/install/examples_rclpy_executors:/opt/ros/humble /usr/bin/cmake --install /home/ws/src/pcl_example/build/pcl_example
