[0.007s] Invoking command in '/home/ws/src/pcl_example/build/pcl_example': CMAKE_PREFIX_PATH=${CMAKE_PREFIX_PATH}:/opt/ros/humble /usr/bin/cmake --build /home/ws/src/pcl_example/build/pcl_example -- -j20 -l20
[0.034s] [35m[1mConsolidate compiler generated dependencies of target pcl_example_node[0m
[0.054s] [ 33%] [32mBuilding CXX object CMakeFiles/pcl_example_node.dir/src/pcl_example.cpp.o[0m
[7.171s] [ 66%] [32m[1mLinking CXX executable pcl_example_node[0m
[7.623s] [100%] Built target pcl_example_node
[7.630s] Invoked command in '/home/ws/src/pcl_example/build/pcl_example' returned '0': CMAKE_PREFIX_PATH=${CMAKE_PREFIX_PATH}:/opt/ros/humble /usr/bin/cmake --build /home/ws/src/pcl_example/build/pcl_example -- -j20 -l20
[7.648s] Invoking command in '/home/ws/src/pcl_example/build/pcl_example': CMAKE_PREFIX_PATH=${CMAKE_PREFIX_PATH}:/opt/ros/humble /usr/bin/cmake --install /home/ws/src/pcl_example/build/pcl_example
[7.654s] -- Install configuration: ""
[7.654s] -- Execute custom install script
[7.654s] -- Up-to-date symlink: /home/ws/src/pcl_example/install/pcl_example/lib/pcl_example/pcl_example_node
[7.654s] -- Up-to-date symlink: /home/ws/src/pcl_example/install/pcl_example/lib/pcl_example/cube1_record_1.yaml
[7.654s] -- Up-to-date symlink: /home/ws/src/pcl_example/install/pcl_example/lib/pcl_example/cube1_record_2.yaml
[7.654s] -- Up-to-date symlink: /home/ws/src/pcl_example/install/pcl_example/lib/pcl_example/pcl_example_launch.testing.py
[7.655s] -- Up-to-date symlink: /home/ws/src/pcl_example/install/pcl_example/lib/pcl_example/pcl_example.rviz
[7.655s] -- Up-to-date symlink: /home/ws/src/pcl_example/install/pcl_example/share/ament_index/resource_index/package_run_dependencies/pcl_example
[7.655s] -- Up-to-date symlink: /home/ws/src/pcl_example/install/pcl_example/share/ament_index/resource_index/parent_prefix_path/pcl_example
[7.655s] -- Up-to-date symlink: /home/ws/src/pcl_example/install/pcl_example/share/pcl_example/environment/ament_prefix_path.sh
[7.655s] -- Up-to-date symlink: /home/ws/src/pcl_example/install/pcl_example/share/pcl_example/environment/ament_prefix_path.dsv
[7.655s] -- Up-to-date symlink: /home/ws/src/pcl_example/install/pcl_example/share/pcl_example/environment/path.sh
[7.655s] -- Up-to-date symlink: /home/ws/src/pcl_example/install/pcl_example/share/pcl_example/environment/path.dsv
[7.655s] -- Up-to-date symlink: /home/ws/src/pcl_example/install/pcl_example/share/pcl_example/local_setup.bash
[7.655s] -- Up-to-date symlink: /home/ws/src/pcl_example/install/pcl_example/share/pcl_example/local_setup.sh
[7.656s] -- Up-to-date symlink: /home/ws/src/pcl_example/install/pcl_example/share/pcl_example/local_setup.zsh
[7.656s] -- Up-to-date symlink: /home/ws/src/pcl_example/install/pcl_example/share/pcl_example/local_setup.dsv
[7.656s] -- Symlinking: /home/ws/src/pcl_example/install/pcl_example/share/pcl_example/package.dsv
[7.661s] -- Up-to-date symlink: /home/ws/src/pcl_example/install/pcl_example/share/ament_index/resource_index/packages/pcl_example
[7.661s] -- Up-to-date symlink: /home/ws/src/pcl_example/install/pcl_example/share/pcl_example/cmake/pcl_exampleConfig.cmake
[7.661s] -- Up-to-date symlink: /home/ws/src/pcl_example/install/pcl_example/share/pcl_example/cmake/pcl_exampleConfig-version.cmake
[7.661s] -- Up-to-date symlink: /home/ws/src/pcl_example/install/pcl_example/share/pcl_example/package.xml
[7.663s] Invoked command in '/home/ws/src/pcl_example/build/pcl_example' returned '0': CMAKE_PREFIX_PATH=${CMAKE_PREFIX_PATH}:/opt/ros/humble /usr/bin/cmake --install /home/ws/src/pcl_example/build/pcl_example
